<?xml version="1.0" encoding="UTF-8"?>
<testng-results skipped="0" failed="0" ignored="0" total="1" passed="1">
  <reporter-output>
  </reporter-output>
  <suite name="Default suite" duration-ms="15849" started-at="2018-07-01T17:09:50Z" finished-at="2018-07-01T17:10:06Z">
    <groups>
    </groups>
    <test name="Default test" duration-ms="15849" started-at="2018-07-01T17:09:50Z" finished-at="2018-07-01T17:10:06Z">
      <class name="com.guru99.TestRun.Customer">
        <test-method status="PASS" signature="Delete_Customer()[pri:0, instance:com.guru99.TestRun.Customer@57db2b13]" name="Delete_Customer" duration-ms="15824" started-at="2018-07-01T17:09:50Z" finished-at="2018-07-01T17:10:06Z">
          <reporter-output>
          </reporter-output>
        </test-method> <!-- Delete_Customer -->
      </class> <!-- com.guru99.TestRun.Customer -->
    </test> <!-- Default test -->
  </suite> <!-- Default suite -->
</testng-results>
